# Logfile created on 2014-12-08 20:18:52 +0000 by logger.rb/44203
D, [2014-12-08T20:18:52.166181 #2543] DEBUG -- : REQUESTING PAGE: GET /users/sign_in with {} and HTTP headers {}
D, [2014-12-08T20:18:52.259483 #2543] DEBUG -- : REQUESTING PAGE: GET /users/sign_in with {} and HTTP headers {}
D, [2014-12-08T20:18:52.292875 #2543] DEBUG -- : REQUESTING PAGE: GET /auth/github?origin=%2F with {} and HTTP headers {"HTTP_REFERER"=>"/users/sign_in"}
D, [2014-12-08T20:18:52.303306 #2543] DEBUG -- : REQUESTING PAGE: GET /users/sign_in with {} and HTTP headers {}
D, [2014-12-08T20:18:52.332743 #2543] DEBUG -- : REQUESTING PAGE: GET /auth/github?origin=%2F with {} and HTTP headers {"HTTP_REFERER"=>"/users/sign_in"}
D, [2014-12-08T20:18:52.336081 #2543] DEBUG -- : REQUESTING PAGE: GET /users/edit with {} and HTTP headers {"HTTP_REFERER"=>"/auth/github?origin=%2F"}
D, [2014-12-08T20:18:52.341702 #2543] DEBUG -- : REQUESTING PAGE: GET http://www.example.com/users/sign_in with {} and HTTP headers {"HTTP_REFERER"=>"/users/edit"}
D, [2014-12-08T20:18:52.386086 #2543] DEBUG -- : REQUESTING PAGE: GET /users/sign_in with {} and HTTP headers {}
D, [2014-12-08T20:18:52.421103 #2543] DEBUG -- : REQUESTING PAGE: GET /users/sign_in with {} and HTTP headers {}
D, [2014-12-08T20:18:52.451072 #2543] DEBUG -- : REQUESTING PAGE: GET /auth/github?origin=%2F with {} and HTTP headers {"HTTP_REFERER"=>"/users/sign_in"}
D, [2014-12-08T20:18:52.454962 #2543] DEBUG -- : REQUESTING PAGE: GET /users/edit.something_else with {} and HTTP headers {"HTTP_REFERER"=>"/auth/github?origin=%2F"}
D, [2014-12-08T20:18:52.473011 #2543] DEBUG -- : REQUESTING PAGE: GET /users/sign_in with {} and HTTP headers {}
D, [2014-12-08T20:18:52.502571 #2543] DEBUG -- : REQUESTING PAGE: GET /auth/github?origin=%2F with {} and HTTP headers {"HTTP_REFERER"=>"/users/sign_in"}
D, [2014-12-08T20:18:52.505313 #2543] DEBUG -- : REQUESTING PAGE: GET /auth/github with {} and HTTP headers {"HTTP_REFERER"=>"/auth/github?origin=%2F"}
D, [2014-12-08T20:18:52.520625 #2543] DEBUG -- : REQUESTING PAGE: GET /users/sign_in with {} and HTTP headers {}
D, [2014-12-08T20:18:52.547685 #2543] DEBUG -- : REQUESTING PAGE: GET /auth/github?origin=%2F with {} and HTTP headers {"HTTP_REFERER"=>"/users/sign_in"}
D, [2014-12-08T20:18:52.550684 #2543] DEBUG -- : REQUESTING PAGE: GET /users/edit.something_else with {} and HTTP headers {"HTTP_REFERER"=>"/auth/github?origin=%2F"}
D, [2014-12-08T20:18:52.570516 #2543] DEBUG -- : REQUESTING PAGE: GET /users/sign_in with {} and HTTP headers {}
D, [2014-12-08T20:18:52.615697 #2543] DEBUG -- : REQUESTING PAGE: GET /users/sign_in with {} and HTTP headers {}
D, [2014-12-08T20:18:52.645224 #2543] DEBUG -- : REQUESTING PAGE: GET /auth/gplus?origin=%2F with {} and HTTP headers {"HTTP_REFERER"=>"/users/sign_in"}
D, [2014-12-08T20:18:52.650014 #2543] DEBUG -- : REQUESTING PAGE: GET /users/edit.something_else with {} and HTTP headers {"HTTP_REFERER"=>"/auth/gplus?origin=%2F"}
D, [2014-12-08T20:18:52.669564 #2543] DEBUG -- : REQUESTING PAGE: GET /users/sign_in with {} and HTTP headers {}
D, [2014-12-08T20:18:52.700090 #2543] DEBUG -- : REQUESTING PAGE: GET /auth/gplus?origin=%2F with {} and HTTP headers {"HTTP_REFERER"=>"/users/sign_in"}
D, [2014-12-08T20:18:52.703325 #2543] DEBUG -- : REQUESTING PAGE: GET /auth/gplus with {} and HTTP headers {"HTTP_REFERER"=>"/auth/gplus?origin=%2F"}
D, [2014-12-08T20:18:52.719893 #2543] DEBUG -- : REQUESTING PAGE: GET /users/sign_in with {} and HTTP headers {}
D, [2014-12-08T20:18:52.751874 #2543] DEBUG -- : REQUESTING PAGE: GET /auth/gplus?origin=%2F with {} and HTTP headers {"HTTP_REFERER"=>"/users/sign_in"}
D, [2014-12-08T20:18:52.756247 #2543] DEBUG -- : REQUESTING PAGE: GET /users/edit.something_else with {} and HTTP headers {"HTTP_REFERER"=>"/auth/gplus?origin=%2F"}
D, [2014-12-08T20:18:52.766138 #2543] DEBUG -- : REQUESTING PAGE: GET /users/sign_in with {} and HTTP headers {}
D, [2014-12-08T20:18:52.791859 #2543] DEBUG -- : REQUESTING PAGE: GET /users/sign_in with {} and HTTP headers {}
D, [2014-12-08T20:18:52.824448 #2543] DEBUG -- : REQUESTING PAGE: GET /auth/gplus?origin=%2F with {} and HTTP headers {"HTTP_REFERER"=>"/users/sign_in"}
D, [2014-12-08T20:18:52.831578 #2543] DEBUG -- : REQUESTING PAGE: GET /users/sign_in with {} and HTTP headers {}
D, [2014-12-08T20:18:52.862038 #2543] DEBUG -- : REQUESTING PAGE: GET /auth/gplus?origin=%2F with {} and HTTP headers {"HTTP_REFERER"=>"/users/sign_in"}
D, [2014-12-08T20:18:52.867111 #2543] DEBUG -- : REQUESTING PAGE: GET /users/edit with {} and HTTP headers {"HTTP_REFERER"=>"/auth/gplus?origin=%2F"}
D, [2014-12-08T20:18:52.871806 #2543] DEBUG -- : REQUESTING PAGE: GET http://www.example.com/users/sign_in with {} and HTTP headers {"HTTP_REFERER"=>"/users/edit"}
